"../../../../../../Programming/Unreal_My_Project/KMOOC_MID/MidProject/Content/Assets/Audio/Explosion02.uasset" 0
"../../../../../../Programming/Unreal_My_Project/KMOOC_MID/MidProject/Content/Assets/Textures/T_MacroVariation.uasset" 1
"../../../../../../Programming/Unreal_My_Project/KMOOC_MID/MidProject/Content/Assets/Textures/T_Detail_Rocky_N.uasset" 2
"../../../../../../Programming/Unreal_My_Project/KMOOC_MID/MidProject/Content/Assets/Textures/T_Brick_Clay_New_N.uasset" 3
"../../../../../../Programming/Unreal_My_Project/KMOOC_MID/MidProject/Content/Assets/Textures/T_Brick_Clay_New_M.uasset" 4
"../../../../../../Programming/Unreal_My_Project/KMOOC_MID/MidProject/Content/Assets/Textures/T_Brick_Clay_New_D.uasset" 5
"../../../../../../Programming/Unreal_My_Project/KMOOC_MID/MidProject/Content/Assets/Materials/M_Brick_Clay_New.uasset" 6
"../../../../../../Programming/Unreal_My_Project/KMOOC_MID/MidProject/Content/Assets/Textures/T_Perlin_Noise_M.uasset" 7
"../../../../../../Programming/Unreal_My_Project/KMOOC_MID/MidProject/Content/Assets/Textures/T_Metal_Rust_N.uasset" 8
"../../../../../../Programming/Unreal_My_Project/KMOOC_MID/MidProject/Content/Assets/Textures/T_Concrete_Grime_D.uasset" 9
"../../../../../../Programming/Unreal_My_Project/KMOOC_MID/MidProject/Content/Assets/Materials/M_Concrete_Grime.uasset" 10
"../../../../../../Programming/Unreal_My_Project/KMOOC_MID/MidProject/Content/Assets/Materials/M_Floor_Green.uasset" 11
"../../../../../../Programming/Unreal_My_Project/KMOOC_MID/MidProject/Content/Assets/Textures/T_Ground_Grass_N.uasset" 12
"../../../../../../Programming/Unreal_My_Project/KMOOC_MID/MidProject/Content/Assets/Textures/T_Ground_Grass_D.uasset" 13
"../../../../../../Programming/Unreal_My_Project/KMOOC_MID/MidProject/Content/Assets/Materials/M_Ground_Grass.uasset" 14
"../../../../../../Programming/Unreal_My_Project/KMOOC_MID/MidProject/Content/Assets/Textures/T_Wood_Oak_N.uasset" 15
"../../../../../../Programming/Unreal_My_Project/KMOOC_MID/MidProject/Content/Assets/Textures/T_Wood_Oak_D.uasset" 16
"../../../Engine/Content/Functions/Engine_MaterialFunctions02/Utility/VectorLength.uasset" 17
"../../../Engine/Content/Functions/Engine_MaterialFunctions02/WorldPositionOffset/ObjectScale.uasset" 18
"../../../Engine/Content/Functions/Engine_MaterialFunctions02/Utility/MakeFloat2.uasset" 19
"../../../Engine/Content/Functions/Engine_MaterialFunctions02/Utility/BreakOutFloat2Components.uasset" 20
"../../../../../../Programming/Unreal_My_Project/KMOOC_MID/MidProject/Content/Assets/Materials/M_PanelWood.uasset" 21
"../../../../../../Programming/Unreal_My_Project/KMOOC_MID/MidProject/Content/Assets/Materials/M_AssetPlatform.uasset" 22
"../../../../../../Programming/Unreal_My_Project/KMOOC_MID/MidProject/Content/Assets/StaticMesh/SM_AssetPlatform.uasset" 23
"../../../../../../Programming/Unreal_My_Project/KMOOC_MID/MidProject/Content/Assets/Textures/T_Bush_N.uasset" 24
"../../../../../../Programming/Unreal_My_Project/KMOOC_MID/MidProject/Content/Assets/Textures/T_Bush_D.uasset" 25
"../../../../../../Programming/Unreal_My_Project/KMOOC_MID/MidProject/Content/Assets/Materials/M_Bush.uasset" 26
"../../../../../../Programming/Unreal_My_Project/KMOOC_MID/MidProject/Content/Assets/StaticMesh/SM_Bush.uasset" 27
"../../../../../../Programming/Unreal_My_Project/KMOOC_MID/MidProject/Content/Assets/Textures/T_Chair_N.uasset" 28
"../../../../../../Programming/Unreal_My_Project/KMOOC_MID/MidProject/Content/Assets/Textures/T_Chair_M.uasset" 29
"../../../../../../Programming/Unreal_My_Project/KMOOC_MID/MidProject/Content/Assets/Materials/M_Chair.uasset" 30
"../../../../../../Programming/Unreal_My_Project/KMOOC_MID/MidProject/Content/Assets/StaticMesh/SM_Chair.uasset" 31
"../../../../../../Programming/Unreal_My_Project/KMOOC_MID/MidProject/Content/Assets/Textures/T_Frame_N.uasset" 32
"../../../../../../Programming/Unreal_My_Project/KMOOC_MID/MidProject/Content/Assets/Textures/T_Frame_M.uasset" 33
"../../../../../../Programming/Unreal_My_Project/KMOOC_MID/MidProject/Content/Assets/Materials/M_Frame.uasset" 34
"../../../../../../Programming/Unreal_My_Project/KMOOC_MID/MidProject/Content/Assets/StaticMesh/SM_DoorFrame.uasset" 35
"../../../../../../Programming/Unreal_My_Project/KMOOC_MID/MidProject/Content/Assets/Textures/T_Lamp_N.uasset" 36
"../../../../../../Programming/Unreal_My_Project/KMOOC_MID/MidProject/Content/Assets/Textures/T_Lamp_M.uasset" 37
"../../../../../../Programming/Unreal_My_Project/KMOOC_MID/MidProject/Content/Assets/Materials/M_Lamp.uasset" 38
"../../../../../../Programming/Unreal_My_Project/KMOOC_MID/MidProject/Content/Assets/StaticMesh/SM_Lamp_Ceiling.uasset" 39
"../../../../../../Programming/Unreal_My_Project/KMOOC_MID/MidProject/Content/Assets/Textures/T_TableRound_N.uasset" 40
"../../../../../../Programming/Unreal_My_Project/KMOOC_MID/MidProject/Content/Assets/Textures/T_TableRound_M.uasset" 41
"../../../../../../Programming/Unreal_My_Project/KMOOC_MID/MidProject/Content/Assets/Materials/M_TableRound.uasset" 42
"../../../../../../Programming/Unreal_My_Project/KMOOC_MID/MidProject/Content/Assets/StaticMesh/SM_TableRound.uasset" 43
"../../../../../../Programming/Unreal_My_Project/KMOOC_MID/MidProject/Content/Assets/StaticMesh/SM_WindowFrame.uasset" 44
"../../../../../../Programming/Unreal_My_Project/KMOOC_MID/MidProject/Content/Assets/Materials/M_Basic_Wall.uasset" 45
"../../../../../../Programming/Unreal_My_Project/KMOOC_MID/MidProject/Content/Assets/StaticMesh/Wall_400x400.uasset" 46
"../../../../../../Programming/Unreal_My_Project/KMOOC_MID/MidProject/Content/Assets/StaticMesh/Wall_Door_400x300.uasset" 47
"../../../../../../Programming/Unreal_My_Project/KMOOC_MID/MidProject/Content/Assets/StaticMesh/Wall_Window_400x300.uasset" 48
"../../../../../../Programming/Unreal_My_Project/KMOOC_MID/MidProject/Content/StarterContent/Textures/T_MacroVariation.uasset" 49
"../../../../../../Programming/Unreal_My_Project/KMOOC_MID/MidProject/Content/StarterContent/Materials/M_Metal_Brushed_Nickel.uasset" 50
"../../../../../../Programming/Unreal_My_Project/KMOOC_MID/MidProject/Content/StarterContent/Materials/M_Basic_Floor.uasset" 51
"../../../../../../Programming/Unreal_My_Project/KMOOC_MID/MidProject/Content/StarterContent/Materials/M_Glass.uasset" 52
"../../../../../../Programming/Unreal_My_Project/KMOOC_MID/MidProject/Content/Project/SM_CELLGLASS.uasset" 53
"../../../../../../Programming/Unreal_My_Project/KMOOC_MID/MidProject/Content/StarterContent/Textures/T_Lamp_N.uasset" 54
"../../../../../../Programming/Unreal_My_Project/KMOOC_MID/MidProject/Content/StarterContent/Textures/T_Lamp_M.uasset" 55
"../../../../../../Programming/Unreal_My_Project/KMOOC_MID/MidProject/Content/StarterContent/Props/Materials/M_Lamp.uasset" 56
"../../../../../../Programming/Unreal_My_Project/KMOOC_MID/MidProject/Content/Project/SM_CELL.uasset" 57
"../../../Engine/Content/Functions/Engine_MaterialFunctions01/Gradient/RadialGradient.uasset" 58
"../../../../../../Programming/Unreal_My_Project/KMOOC_MID/MidProject/Content/StarterContent/Particles/Materials/M_Radial_Gradient.uasset" 59
"../../../../../../Programming/Unreal_My_Project/KMOOC_MID/MidProject/Content/StarterContent/Textures/T_Water_N.uasset" 60
"../../../../../../Programming/Unreal_My_Project/KMOOC_MID/MidProject/Content/StarterContent/Particles/Materials/M_Heat_Distortion.uasset" 61
"../../../../../../Programming/Unreal_My_Project/KMOOC_MID/MidProject/Content/StarterContent/Textures/T_Fire_Tiled_D.uasset" 62
"../../../../../../Programming/Unreal_My_Project/KMOOC_MID/MidProject/Content/StarterContent/Textures/T_Fire_SubUV.uasset" 63
"../../../../../../Programming/Unreal_My_Project/KMOOC_MID/MidProject/Content/StarterContent/Particles/Materials/M_Fire_SubUV.uasset" 64
"../../../../../../Programming/Unreal_My_Project/KMOOC_MID/MidProject/Content/StarterContent/Textures/T_Smoke_Tiled_D.uasset" 65
"../../../../../../Programming/Unreal_My_Project/KMOOC_MID/MidProject/Content/StarterContent/Textures/T_Smoke_SubUV.uasset" 66
"../../../../../../Programming/Unreal_My_Project/KMOOC_MID/MidProject/Content/StarterContent/Particles/Materials/M_smoke_subUV.uasset" 67
"../../../../../../Programming/Unreal_My_Project/KMOOC_MID/MidProject/Content/StarterContent/Particles/P_Fire.uasset" 68
"../../../../../../Programming/Unreal_My_Project/KMOOC_MID/MidProject/Content/StarterContent/Audio/Fire01_Cue.uasset" 69
"../../../../../../Programming/Unreal_My_Project/KMOOC_MID/MidProject/Content/StarterContent/Textures/T_Metal_Steel_N.uasset" 70
"../../../../../../Programming/Unreal_My_Project/KMOOC_MID/MidProject/Content/StarterContent/Textures/T_Metal_Steel_D.uasset" 71
"../../../../../../Programming/Unreal_My_Project/KMOOC_MID/MidProject/Content/StarterContent/Materials/M_Metal_Steel.uasset" 72
"../../../../../../Programming/Unreal_My_Project/KMOOC_MID/MidProject/Content/StarterContent/Textures/T_Metal_Gold_D.uasset" 73
"../../../../../../Programming/Unreal_My_Project/KMOOC_MID/MidProject/Content/StarterContent/Textures/T_Metal_Gold_N.uasset" 74
"../../../../../../Programming/Unreal_My_Project/KMOOC_MID/MidProject/Content/StarterContent/Materials/M_Metal_Gold.uasset" 75
"../../../../../../Programming/Unreal_My_Project/KMOOC_MID/MidProject/Content/StarterContent/Textures/T_Metal_Copper_D.uasset" 76
"../../../../../../Programming/Unreal_My_Project/KMOOC_MID/MidProject/Content/StarterContent/Materials/M_Metal_Copper.uasset" 77
"../../../../../../Programming/Unreal_My_Project/KMOOC_MID/MidProject/Content/Project/SM_Airplane.uasset" 78
"../../../Engine/Content/EditorBlueprintResources/StandardMacros.uasset" 79
"../../../../../../Programming/Unreal_My_Project/KMOOC_MID/MidProject/Content/Project/AirplaneController.uasset" 80
"../../../../../../Programming/Unreal_My_Project/KMOOC_MID/MidProject/Content/Project/AirplanePawn.uasset" 81
"../../../../../../Programming/Unreal_My_Project/KMOOC_MID/MidProject/Content/Project/SM_CELL_Blueprint.uasset" 82
"../../../../../../Programming/Unreal_My_Project/KMOOC_MID/MidProject/Content/Project/SM_CELL_Blueprint3_Blueprint.uasset" 83
"../../../../../../Programming/Unreal_My_Project/KMOOC_MID/MidProject/Content/Project/SM_GLASSHOLE.uasset" 84
"../../../../../../Programming/Unreal_My_Project/KMOOC_MID/MidProject/Content/Project/SM_GLASSHOLE_Blueprint.uasset" 85
"../../../../../../Programming/Unreal_My_Project/KMOOC_MID/MidProject/Content/StarterContent/Materials/M_Basic_Wall.uasset" 86
"../../../../../../Programming/Unreal_My_Project/KMOOC_MID/MidProject/Content/StarterContent/Architecture/Pillar_50x500.uasset" 87
"../../../../../../Programming/Unreal_My_Project/KMOOC_MID/MidProject/Content/StarterContent/Architecture/Wall_400x300.uasset" 88
"../../../../../../Programming/Unreal_My_Project/KMOOC_MID/MidProject/Content/StarterContent/Architecture/Wall_400x400.uasset" 89
"../../../../../../Programming/Unreal_My_Project/KMOOC_MID/MidProject/Content/StarterContent/Architecture/Wall_500x500.uasset" 90
"../../../../../../Programming/Unreal_My_Project/KMOOC_MID/MidProject/Content/StarterContent/Architecture/Wall_Door_400x400.uasset" 91
"../../../../../../Programming/Unreal_My_Project/KMOOC_MID/MidProject/Content/StarterContent/Architecture/Wall_Window_400x400.uasset" 92
"../../../../../../Programming/Unreal_My_Project/KMOOC_MID/MidProject/Content/StarterContent/Audio/Collapse01.uasset" 93
"../../../../../../Programming/Unreal_My_Project/KMOOC_MID/MidProject/Content/StarterContent/Audio/Collapse02.uasset" 94
"../../../../../../Programming/Unreal_My_Project/KMOOC_MID/MidProject/Content/StarterContent/Audio/Explosion02.uasset" 95
"../../../../../../Programming/Unreal_My_Project/KMOOC_MID/MidProject/Content/StarterContent/Audio/Fire01.uasset" 96
"../../../../../../Programming/Unreal_My_Project/KMOOC_MID/MidProject/Content/StarterContent/Audio/Fire_Sparks01.uasset" 97
"../../../../../../Programming/Unreal_My_Project/KMOOC_MID/MidProject/Content/StarterContent/Audio/Light01.uasset" 98
"../../../../../../Programming/Unreal_My_Project/KMOOC_MID/MidProject/Content/StarterContent/Audio/Light01_Cue.uasset" 99
"../../../../../../Programming/Unreal_My_Project/KMOOC_MID/MidProject/Content/StarterContent/Audio/Light02.uasset" 100
"../../../../../../Programming/Unreal_My_Project/KMOOC_MID/MidProject/Content/StarterContent/Audio/Light02_Cue.uasset" 101
"../../../../../../Programming/Unreal_My_Project/KMOOC_MID/MidProject/Content/StarterContent/Audio/Smoke01.uasset" 102
"../../../../../../Programming/Unreal_My_Project/KMOOC_MID/MidProject/Content/StarterContent/Audio/Starter_Birds01.uasset" 103
"../../../../../../Programming/Unreal_My_Project/KMOOC_MID/MidProject/Content/StarterContent/Audio/Starter_Music01.uasset" 104
"../../../../../../Programming/Unreal_My_Project/KMOOC_MID/MidProject/Content/StarterContent/Audio/Starter_Wind05.uasset" 105
"../../../../../../Programming/Unreal_My_Project/KMOOC_MID/MidProject/Content/StarterContent/Audio/Starter_Wind06.uasset" 106
"../../../../../../Programming/Unreal_My_Project/KMOOC_MID/MidProject/Content/StarterContent/Audio/Steam01.uasset" 107
"../../../../../../Programming/Unreal_My_Project/KMOOC_MID/MidProject/Content/StarterContent/Particles/Materials/M_radial_ramp.uasset" 108
"../../../../../../Programming/Unreal_My_Project/KMOOC_MID/MidProject/Content/StarterContent/Particles/Materials/m_flare_01.uasset" 109
"../../../../../../Programming/Unreal_My_Project/KMOOC_MID/MidProject/Content/StarterContent/Textures/T_Explosion_SubUV.uasset" 110
"../../../../../../Programming/Unreal_My_Project/KMOOC_MID/MidProject/Content/StarterContent/Particles/Materials/M_explosion_subUV.uasset" 111
"../../../../../../Programming/Unreal_My_Project/KMOOC_MID/MidProject/Content/StarterContent/Textures/T_Burst_M.uasset" 112
"../../../../../../Programming/Unreal_My_Project/KMOOC_MID/MidProject/Content/StarterContent/Particles/Materials/M_Burst.uasset" 113
"../../../../../../Programming/Unreal_My_Project/KMOOC_MID/MidProject/Content/StarterContent/Particles/P_Explosion.uasset" 114
"../../../../../../Programming/Unreal_My_Project/KMOOC_MID/MidProject/Content/StarterContent/Audio/Explosion_Cue.uasset" 115
"../../../../../../Programming/Unreal_My_Project/KMOOC_MID/MidProject/Content/StarterContent/Blueprints/Blueprint_Effect_Explosion.uasset" 116
"../../../Engine/Content/EditorMeshes/ColorCalibrator/T_ColorGrid.uasset" 117
"../../../../../../Programming/Unreal_My_Project/KMOOC_MID/MidProject/Content/StarterContent/Materials/M_ColorGrid_LowSpec.uasset" 118
"../../../../../../Programming/Unreal_My_Project/KMOOC_MID/MidProject/Content/StarterContent/Textures/T_Bush_N.uasset" 119
"../../../../../../Programming/Unreal_My_Project/KMOOC_MID/MidProject/Content/StarterContent/Textures/T_Bush_D.uasset" 120
"../../../../../../Programming/Unreal_My_Project/KMOOC_MID/MidProject/Content/StarterContent/Props/Materials/M_Bush.uasset" 121
"../../../../../../Programming/Unreal_My_Project/KMOOC_MID/MidProject/Content/StarterContent/Props/SM_Bush.uasset" 122
"../../../../../../Programming/Unreal_My_Project/KMOOC_MID/MidProject/Content/StarterContent/Textures/T_Chair_N.uasset" 123
"../../../../../../Programming/Unreal_My_Project/KMOOC_MID/MidProject/Content/StarterContent/Textures/T_Chair_M.uasset" 124
"../../../../../../Programming/Unreal_My_Project/KMOOC_MID/MidProject/Content/StarterContent/Props/Materials/M_Chair.uasset" 125
"../../../../../../Programming/Unreal_My_Project/KMOOC_MID/MidProject/Content/StarterContent/Props/SM_Couch.uasset" 126
"../../../../../../Programming/Unreal_My_Project/KMOOC_MID/MidProject/Content/StarterContent/Textures/T_Door_N.uasset" 127
"../../../../../../Programming/Unreal_My_Project/KMOOC_MID/MidProject/Content/StarterContent/Textures/T_Door_M.uasset" 128
"../../../../../../Programming/Unreal_My_Project/KMOOC_MID/MidProject/Content/StarterContent/Props/Materials/M_Door.uasset" 129
"../../../../../../Programming/Unreal_My_Project/KMOOC_MID/MidProject/Content/StarterContent/Props/SM_Door.uasset" 130
"../../../../../../Programming/Unreal_My_Project/KMOOC_MID/MidProject/Content/StarterContent/Props/Materials/M_MaterialSphere_Plain.uasset" 131
"../../../../../../Programming/Unreal_My_Project/KMOOC_MID/MidProject/Content/StarterContent/Props/Materials/M_MaterialSphere.uasset" 132
"../../../../../../Programming/Unreal_My_Project/KMOOC_MID/MidProject/Content/StarterContent/Props/SM_MatPreviewMesh_02.uasset" 133
"../../../../../../Programming/Unreal_My_Project/KMOOC_MID/MidProject/Content/StarterContent/Textures/T_RockMesh_N.uasset" 134
"../../../../../../Programming/Unreal_My_Project/KMOOC_MID/MidProject/Content/StarterContent/Textures/T_RockMesh_M.uasset" 135
"../../../../../../Programming/Unreal_My_Project/KMOOC_MID/MidProject/Content/StarterContent/Textures/T_Detail_Rocky_N.uasset" 136
"../../../../../../Programming/Unreal_My_Project/KMOOC_MID/MidProject/Content/StarterContent/Textures/T_Rock_Basalt_D.uasset" 137
"../../../Engine/Content/Functions/Engine_MaterialFunctions02/Utility/BlendAngleCorrectedNormals.uasset" 138
"../../../../../../Programming/Unreal_My_Project/KMOOC_MID/MidProject/Content/StarterContent/Props/Materials/M_Rock.uasset" 139
"../../../../../../Programming/Unreal_My_Project/KMOOC_MID/MidProject/Content/StarterContent/Props/SM_Rock.uasset" 140
"../../../../../../Programming/Unreal_My_Project/KMOOC_MID/MidProject/Content/StarterContent/Textures/T_Shelf_N.uasset" 141
"../../../../../../Programming/Unreal_My_Project/KMOOC_MID/MidProject/Content/StarterContent/Textures/T_Shelf_M.uasset" 142
"../../../../../../Programming/Unreal_My_Project/KMOOC_MID/MidProject/Content/StarterContent/Props/Materials/M_Shelf.uasset" 143
"../../../../../../Programming/Unreal_My_Project/KMOOC_MID/MidProject/Content/StarterContent/Props/SM_Shelf.uasset" 144
"../../../../../../Programming/Unreal_My_Project/KMOOC_MID/MidProject/Content/StarterContent/Props/SM_Stairs.uasset" 145
"../../../../../../Programming/Unreal_My_Project/KMOOC_MID/MidProject/Content/StarterContent/Shapes/Shape_Cone.uasset" 146
"../../../../../../Programming/Unreal_My_Project/KMOOC_MID/MidProject/Content/StarterContent/Shapes/Shape_Cylinder.uasset" 147
"../../../../../../Programming/Unreal_My_Project/KMOOC_MID/MidProject/Content/StarterContent/Shapes/Shape_NarrowCapsule.uasset" 148
"../../../../../../Programming/Unreal_My_Project/KMOOC_MID/MidProject/Content/StarterContent/Shapes/Shape_Pipe.uasset" 149
"../../../../../../Programming/Unreal_My_Project/KMOOC_MID/MidProject/Content/StarterContent/Shapes/Shape_Pipe_180.uasset" 150
"../../../../../../Programming/Unreal_My_Project/KMOOC_MID/MidProject/Content/StarterContent/Shapes/Shape_Pipe_90.uasset" 151
"../../../../../../Programming/Unreal_My_Project/KMOOC_MID/MidProject/Content/StarterContent/Shapes/Shape_Plane.uasset" 152
"../../../../../../Programming/Unreal_My_Project/KMOOC_MID/MidProject/Content/StarterContent/Shapes/Shape_Torus.uasset" 153
"../../../../../../Programming/Unreal_My_Project/KMOOC_MID/MidProject/Content/StarterContent/Shapes/Shape_Trim.uasset" 154
"../../../../../../Programming/Unreal_My_Project/KMOOC_MID/MidProject/Content/StarterContent/Shapes/Shape_Trim_90_In.uasset" 155
"../../../../../../Programming/Unreal_My_Project/KMOOC_MID/MidProject/Content/StarterContent/Shapes/Shape_Trim_90_Out.uasset" 156
"../../../../../../Programming/Unreal_My_Project/KMOOC_MID/MidProject/Content/StarterContent/Shapes/Shape_TriPyramid.uasset" 157
"../../../../../../Programming/Unreal_My_Project/KMOOC_MID/MidProject/Content/StarterContent/Shapes/Shape_Tube.uasset" 158
"../../../../../../Programming/Unreal_My_Project/KMOOC_MID/MidProject/Content/StarterContent/Shapes/Shape_Wedge_A.uasset" 159
"../../../../../../Programming/Unreal_My_Project/KMOOC_MID/MidProject/Content/StarterContent/Shapes/Shape_Wedge_B.uasset" 160
"../../../../../../Programming/Unreal_My_Project/KMOOC_MID/MidProject/Content/StarterContent/Shapes/Shape_WideCapsule.uasset" 161
"../../../Engine/Content/Functions/Engine_MaterialFunctions01/Opacity/CameraDepthFade.uasset" 162
"../../../Engine/Content/EngineMaterials/T_Default_Material_Grid_N.uasset" 163
"../../../Engine/Content/EngineMaterials/T_Default_Material_Grid_M.uasset" 164
"../../../Engine/Content/EngineMaterials/WorldGridMaterial.uasset" 165
"../../../Engine/Content/ArtTools/RenderToTexture/Meshes/S_1_Unit_Plane.uasset" 166
"../../../Engine/Content/EngineMaterials/DefaultMaterial.uasset" 167
"../../../Engine/Content/BasicShapes/Cone.uasset" 168
"../../../Engine/Content/BasicShapes/Cube.uasset" 169
"../../../Engine/Content/BasicShapes/Plane.uasset" 170
"../../../Engine/Content/BasicShapes/Sphere.uasset" 171
"../../../Engine/Content/EditorLandscapeResources/DataLayer.uasset" 172
"../../../Engine/Content/EditorLandscapeResources/DefaultAlphaTexture.uasset" 173
"../../../Engine/Content/EditorMaterials/MAT_Groups_Toggle.uasset" 174
"../../../Engine/Content/EditorMaterials/MAT_Groups_Visibility.uasset" 175
"../../../Engine/Content/EditorMaterials/PreviewShadowIndicator.uasset" 176
"../../../Engine/Content/EditorMaterials/PreviewShadowIndicatorMaterial.uasset" 177
"../../../Engine/Content/EditorMaterials/MatineeGroups/MAT_ColorTrack.uasset" 178
"../../../Engine/Content/EditorMaterials/MatineeGroups/MAT_Groups_Anim.uasset" 179
"../../../Engine/Content/EditorMaterials/MatineeGroups/MAT_Groups_AudioMaster.uasset" 180
"../../../Engine/Content/EditorMaterials/MatineeGroups/MAT_Groups_Director.uasset" 181
"../../../Engine/Content/EditorMaterials/MatineeGroups/MAT_Groups_Event.uasset" 182
"../../../Engine/Content/EditorMaterials/MatineeGroups/MAT_Groups_Fade.uasset" 183
"../../../Engine/Content/EditorMaterials/MatineeGroups/MAT_Groups_Float.uasset" 184
"../../../Engine/Content/EditorMaterials/MatineeGroups/MAT_Groups_Move.uasset" 185
"../../../Engine/Content/EditorMaterials/MatineeGroups/MAT_Groups_Slomo.uasset" 186
"../../../Engine/Content/EditorMaterials/MatineeGroups/MAT_Groups_Sound.uasset" 187
"../../../Engine/Content/EditorMaterials/MatineeGroups/MAT_Groups_Vector.uasset" 188
"../../../Engine/Content/EditorMaterials/ParticleSystems/PSysThumbnail_NoImage.uasset" 189
"../../../Engine/Content/EditorMaterials/ParticleSystems/PSysThumbnail_OOD.uasset" 190
"../../../Engine/Content/EditorMaterials/Camera/CineMat.uasset" 191
"../../../Engine/Content/EditorMaterials/Camera/MI_CineMat_Rig.uasset" 192
"../../../Engine/Content/EditorMeshes/Camera/SM_CraneRig_Arm.uasset" 193
"../../../Engine/Content/EditorMeshes/Camera/SM_CraneRig_Base.uasset" 194
"../../../Engine/Content/EditorMeshes/Camera/SM_CraneRig_Body.uasset" 195
"../../../Engine/Content/EditorMeshes/Camera/SM_CraneRig_Mount.uasset" 196
"../../../Engine/Content/EditorMeshes/Camera/SM_RailRig_Mount.uasset" 197
"../../../Engine/Content/EditorMeshes/Camera/SM_RailRig_Track.uasset" 198
"../../../Engine/Content/EditorResources/BSPVertex.uasset" 199
"../../../Engine/Content/EditorResources/EmptyActor.uasset" 200
"../../../Engine/Content/EditorResources/S_Actor.uasset" 201
"../../../Engine/Content/EditorResources/S_Note.uasset" 202
"../../../Engine/Content/EditorResources/S_Solver.uasset" 203
"../../../Engine/Content/EditorResources/S_Terrain.uasset" 204
"../../../Engine/Content/EditorResources/S_Trigger.uasset" 205
"../../../Engine/Content/EditorResources/AudioIcons/S_AudioComponent.uasset" 206
"../../../Engine/Content/EditorResources/AudioIcons/S_AudioComponent_AutoActivate.uasset" 207
"../../../Engine/Content/EditorResources/LightIcons/S_LightError.uasset" 208
"../../../Engine/Content/EditorResources/SequenceRecorder/Countdown.uasset" 209
"../../../Engine/Content/EditorResources/SequenceRecorder/RecordingIndicator.uasset" 210
"../../../Engine/Content/EngineDamageTypes/DmgTypeBP_Environmental.uasset" 211
"../../../Engine/Content/EngineDebugMaterials/DebugEditorMaterial.uasset" 212
"../../../Engine/Content/EngineDebugMaterials/DebugMeshMaterial.uasset" 213
"../../../Engine/Content/EngineDebugMaterials/M_SimpleUnlitTranslucent.uasset" 214
"../../../Engine/Content/EngineDebugMaterials/VolumeToRender.uasset" 215
"../../../Engine/Content/Functions/Engine_MaterialFunctions02/Utility/CameraDirectionVector.uasset" 216
"../../../Engine/Content/EngineDebugMaterials/M_VolumeRenderSphereTracePP.uasset" 217
"../../../Engine/Content/Functions/Engine_MaterialFunctions01/Shading/ConvertFromDiffSpec.uasset" 218
"../../../Engine/Content/EngineDebugMaterials/VertexColorMaterial.uasset" 219
"../../../Engine/Content/EngineDebugMaterials/WireframeMaterial.uasset" 220
"../../../Engine/Content/EngineFonts/Faces/RobotoRegular.uasset" 221
"../../../Engine/Content/EngineFonts/Faces/RobotoLight.uasset" 222
"../../../Engine/Content/EngineFonts/Faces/RobotoItalic.uasset" 223
"../../../Engine/Content/EngineFonts/Faces/RobotoBoldItalic.uasset" 224
"../../../Engine/Content/EngineFonts/Faces/RobotoBold.uasset" 225
"../../../Engine/Content/EngineFonts/Faces/DroidSansFallback.uasset" 226
"../../../Engine/Content/EngineFonts/Roboto.uasset" 227
"../../../Engine/Content/EngineMaterials/BaseFlattenNormalMap.uasset" 228
"../../../Engine/Content/EngineMaterials/BaseFlattenGrayscaleMap.uasset" 229
"../../../Engine/Content/EngineMaterials/BaseFlattenEmissiveMap.uasset" 230
"../../../Engine/Content/EngineMaterials/BaseFlattenDiffuseMap.uasset" 231
"../../../Engine/Content/EngineMaterials/BaseFlattenMaterial.uasset" 232
"../../../Engine/Content/EngineMaterials/BlueNoise.uasset" 233
"../../../Engine/Content/EngineMaterials/DefaultBloomKernel.uasset" 234
"../../../Engine/Content/EngineMaterials/DefaultBokeh.uasset" 235
"../../../Engine/Content/EngineMaterials/DefaultDiffuse.uasset" 236
"../../../Engine/Content/EngineMaterials/DefaultDeferredDecalMaterial.uasset" 237
"../../../Engine/Content/EngineMaterials/DefaultLightFunctionMaterial.uasset" 238
"../../../Engine/Content/EngineMaterials/DefaultPhysicalMaterial.uasset" 239
"../../../Engine/Content/EngineMaterials/DefaultPostProcessMaterial.uasset" 240
"../../../Engine/Content/EngineFonts/RobotoDistanceField.uasset" 241
"../../../Engine/Content/EngineMaterials/DefaultTextMaterialOpaque.uasset" 242
"../../../Engine/Content/EngineMaterials/DefaultWhiteGrid.uasset" 243
"../../../Engine/Content/EngineMaterials/DefaultWhiteGrid_Low.uasset" 244
"../../../Engine/Content/EngineMaterials/EmissiveMeshMaterial.uasset" 245
"../../../Engine/Content/EngineMaterials/GizmoMaterial.uasset" 246
"../../../Engine/Content/EngineMaterials/Good64x64TilingNoiseHighFreq.uasset" 247
"../../../Engine/Content/EngineMaterials/MiniFont.uasset" 248
"../../../Engine/Content/EngineMaterials/InvalidLightmapSettings.uasset" 249
"../../../Engine/Content/EngineMaterials/M_InvalidLightmapSettings.uasset" 250
"../../../Engine/Content/Functions/Engine_MaterialFunctions02/WorldPositionOffset/CameraOffset.uasset" 251
"../../../Engine/Content/EngineMaterials/PhAT_JointLimitMaterial.uasset" 252
"../../../Engine/Content/EngineMaterials/PreintegratedSkinBRDF.uasset" 253
"../../../Engine/Content/EngineMaterials/RemoveSurfaceMaterial.uasset" 254
"../../../Engine/Content/EngineMaterials/WeightMapPlaceholderTexture.uasset" 255
"../../../Engine/Content/EngineResources/WhiteSquareTexture.uasset" 256
"../../../Engine/Content/EngineMaterials/Widget3DPassThrough.uasset" 257
"../../../Engine/Content/EngineMaterials/Widget3DPassThrough_Masked.uasset" 258
"../../../Engine/Content/EngineMaterials/Widget3DPassThrough_Opaque.uasset" 259
"../../../Engine/Content/EngineMaterials/Widget3DPassThrough_Masked_OneSided.uasset" 260
"../../../Engine/Content/EngineMaterials/Widget3DPassThrough_Opaque_OneSided.uasset" 261
"../../../Engine/Content/EngineMaterials/Widget3DPassThrough_Translucent.uasset" 262
"../../../Engine/Content/EngineMaterials/Widget3DPassThrough_Translucent_OneSided.uasset" 263
"../../../Engine/Content/EngineMeshes/Cylinder.uasset" 264
"../../../Engine/Content/EngineMeshes/Sphere.uasset" 265
"../../../Engine/Content/EngineResources/Black.uasset" 266
"../../../Engine/Content/EngineResources/DefaultTextureCube.uasset" 267
"../../../Engine/Content/EngineResources/DefaultVolumeTexture2D.uasset" 268
"../../../Engine/Content/EngineResources/DefaultVolumeTexture.uasset" 269
"../../../Engine/Content/EngineResources/GradientTexture0.uasset" 270
"../../../Engine/Content/EngineSky/VolumetricClouds/T_NoiseShape64.uasset" 271
"../../../Engine/Content/EngineSky/VolumetricClouds/T_VolumeNoiseShape64.uasset" 272
"../../../Engine/Content/EngineSky/VolumetricClouds/T_NoiseErosion.uasset" 273
"../../../Engine/Content/EngineSky/VolumetricClouds/T_VolumeNoiseErosion32.uasset" 274
"../../../Engine/Content/EngineSky/VolumetricClouds/CloudWeatherTexture.uasset" 275
"../../../Engine/Content/EngineSky/VolumetricClouds/CloudGradientTexture.uasset" 276
"../../../Engine/Content/EngineSky/VolumetricClouds/m_SimpleVolumetricCloud.uasset" 277
"../../../Engine/Content/EngineSky/VolumetricClouds/m_SimpleVolumetricCloud_Inst.uasset" 278
"../../../Engine/Content/EngineSounds/Master.uasset" 279
"../../../Engine/Content/Functions/Engine_MaterialFunctions01/Shading/PowerToRoughness.uasset" 280
"../../../Engine/Content/Maps/Templates/Thumbnails/Default.uasset" 281
"../../../Engine/Content/Maps/Templates/Thumbnails/TimeOfDay.uasset" 282
"../../../Engine/Content/Maps/Templates/Thumbnails/VR-Basic.uasset" 283
"../../../Engine/Content/MobileResources/T_MobileControls_texture.uasset" 284
"../../../Engine/Content/MobileResources/T_MobileMenu2.uasset" 285
"../../../Engine/Content/MobileResources/HUD/AnalogHat.uasset" 286
"../../../Engine/Content/MobileResources/HUD/VirtualJoystick_Thumb.uasset" 287
"../../../Engine/Content/MobileResources/HUD/VirtualJoystick_Background.uasset" 288
"../../../Engine/Content/MobileResources/HUD/DefaultVirtualJoysticks.uasset" 289
"../../../Engine/Content/MobileResources/HUD/LeftVirtualJoystickOnly.uasset" 290
"../../../Engine/Content/MobileResources/HUD/MobileHUDButton1_off.uasset" 291
"../../../Engine/Content/MobileResources/HUD/MobileHUDButton1_on.uasset" 292
"../../../Engine/Content/MobileResources/HUD/MobileHUDButton2_off.uasset" 293
"../../../Engine/Content/MobileResources/HUD/MobileHUDButton2_on.uasset" 294
"../../../Engine/Content/MobileResources/HUD/MobileHUDButton3.uasset" 295
"../../../Engine/Content/MobileResources/HUD/MobileHUDButtonFire.uasset" 296
"../../../Engine/Content/MobileResources/HUD/MobileHUDDirectionPad.uasset" 297
"../../../Engine/Content/MobileResources/HUD/MobileHUDDirectionPad2.uasset" 298
"../../../Engine/Content/MobileResources/HUD/MobileHUDDirectionPad3.uasset" 299
"../../../Engine/Content/MobileResources/HUD/MobileHUDDirectionStick.uasset" 300
"../../../Engine/Content/MobileResources/HUD/T_Castle_ThumbstickInner.uasset" 301
"../../../Engine/Content/MobileResources/HUD/T_Castle_ThumbstickOutter.uasset" 302
"../../../Engine/Content/Tutorial/ContentIntroCurve.uasset" 303
"../../../Engine/Content/Tutorial/Basics/LevelEditorAttract.uasset" 304
"../../../Engine/Content/Tutorial/Basics/TutorialAssets/icon_tab_Levels_40x.uasset" 305
"../../../Engine/Content/Tutorial/Basics/LevelEditorOverview.uasset" 306
"../../../Engine/Content/Tutorial/Basics/TutorialAssets/CameraActor_64x.uasset" 307
"../../../Engine/Content/Tutorial/Basics/ViewportsTutorial.uasset" 308
"../../../Engine/Content/VREditor/TransformGizmo/TranslucentTransformGizmoMaterial.uasset" 309
"../../../Engine/Content/VREditor/LaserPointer/VR_LaserPower_01.uasset" 310
"../../../Engine/Content/VREditor/TransformGizmo/TransformGizmoMaterial.uasset" 311
"../../../Engine/Content/VREditor/TransformGizmo/BoundingBoxCorner.uasset" 312
"../../../Engine/Content/VREditor/TransformGizmo/BoundingBoxEdge.uasset" 313
"../../../Engine/Content/VREditor/TransformGizmo/PlaneTranslationHandle.uasset" 314
"../../../Engine/Content/VREditor/TransformGizmo/Xray.uasset" 315
"../../../Engine/Content/VREditor/TransformGizmo/Main.uasset" 316
"../../../Engine/Content/VREditor/TransformGizmo/SM_Sequencer_Key.uasset" 317
"../../../Engine/Content/VREditor/TransformGizmo/SM_Sequencer_Node.uasset" 318
"../../Plugins/2D/Paper2D/Content/PlaceholderTextures/DummySpriteTexture.uasset" 319
"../../Plugins/2D/Paper2D/Content/DummySprite.uasset" 320
"../../Plugins/2D/Paper2D/Content/DefaultPaperTerrainMaterial.uasset" 321
"../../Plugins/2D/Paper2D/Content/DefaultSpriteMaterial.uasset" 322
"../../Plugins/2D/Paper2D/Content/MaskedUnlitSpriteMaterial.uasset" 323
"../../Plugins/2D/Paper2D/Content/OpaqueUnlitSpriteMaterial.uasset" 324
"../../../Engine/Content/BasicShapes/Cylinder.uasset" 325
"../../../Engine/Content/ArtTools/RenderToTexture/Materials/Debug/M_Emissive_Color.uasset" 326
"../../Plugins/Lumin/MagicLeapPassableWorld/Content/MagicLeapARPinInfoActor.uasset" 327
"../../../Engine/Content/Functions/Engine_MaterialFunctions02/Utility/BreakOutFloat3Components.uasset" 328
"../../Plugins/Editor/SpeedTreeImporter/Content/SpeedTree9/UnpackInteger3.uasset" 329
"../../Plugins/Editor/SpeedTreeImporter/Content/SpeedTree9/UnpackDirection.uasset" 330
"../../Plugins/Editor/SpeedTreeImporter/Content/SpeedTree9/game_wind_noise.uasset" 331
"../../../Engine/Content/Functions/Engine_MaterialFunctions02/SafeNormalize.uasset" 332
"../../Plugins/Editor/SpeedTreeImporter/Content/SpeedTree9/SpeedTreeWindMotion.uasset" 333
"../../Plugins/Editor/SpeedTreeImporter/Content/SpeedTree9/SpeedTreeBranchMotion.uasset" 334
"../../../Engine/Content/Functions/Engine_MaterialFunctions02/ObjectLocalBounds.uasset" 335
"../../../Engine/Content/Functions/Engine_MaterialFunctions02/UVs/BoundingBoxBased_0-1_UVW.uasset" 336
"../../Plugins/Editor/SpeedTreeImporter/Content/SpeedTree9/SpeedTreeWind.uasset" 337
"../../Plugins/Editor/SpeedTreeImporter/Content/SpeedTree9/SpeedTreeBillboard.uasset" 338
"../../../Engine/Content/EngineResources/DefaultTexture.uasset" 339
"../../Plugins/Editor/SpeedTreeImporter/Content/SpeedTree9/SpeedTreeBillboardMaster.uasset" 340
"../../Plugins/Editor/SpeedTreeImporter/Content/SpeedTree9/SpeedTreeCameraFacing.uasset" 341
"../../Plugins/Editor/SpeedTreeImporter/Content/SpeedTree9/SpeedTreeMaster.uasset" 342
"../../../Engine/Content/Functions/Engine_MaterialFunctions02/Utility/BreakOutFloat4Components.uasset" 343
"../../../Engine/Content/Functions/Engine_MaterialFunctions02/Utility/MakeFloat3.uasset" 344
"../../Plugins/Runtime/Oculus/OculusVR/Content/Materials/OculusMR_ChromaKey.uasset" 345
"../../Plugins/Runtime/Oculus/OculusVR/Content/Materials/OculusMR_OpaqueColoredMaterial.uasset" 346
"../../Plugins/Runtime/Oculus/OculusVR/Content/Materials/PokeAHoleMaterial.uasset" 347
"../../../../../../Programming/Unreal_My_Project/KMOOC_MID/MidProject/Content/Project/AirplaneGameMode.uasset" 348
"../../../Engine/Content/EngineSky/T_Sky_Stars.uasset" 349
"../../../Engine/Content/EngineSky/T_Sky_Clouds_M.uasset" 350
"../../../Engine/Content/EngineSky/T_Sky_Blue.uasset" 351
"../../../Engine/Content/EngineSky/M_Sky_Panning_Clouds2.uasset" 352
"../../../../../../Programming/Unreal_My_Project/KMOOC_MID/MidProject/Content/Project/Map/Fly_BuiltData.uasset" 353
"../../../Engine/Content/EngineSky/SM_SkySphere.uasset" 354
"../../../Engine/Content/EngineSky/C_Sky_Zenith_Color.uasset" 355
"../../../Engine/Content/EngineSky/C_Sky_Horizon_Color.uasset" 356
"../../../Engine/Content/EngineSky/C_Sky_Cloud_Color.uasset" 357
"../../../Engine/Content/EngineSky/BP_Sky_Sphere.uasset" 358
"../../../../../../Programming/Unreal_My_Project/KMOOC_MID/MidProject/Content/StarterContent/Audio/Explosion01.uasset" 359
"../../../Engine/Content/VREditor/Sounds/VR_click1.uasset" 360
"../../../../../../Programming/Unreal_My_Project/KMOOC_MID/MidProject/Content/Assets/Textures/T_UnrealEngineDecal.uasset" 361
"../../../../../../Programming/Unreal_My_Project/KMOOC_MID/MidProject/Content/Assets/Materials/M_Pickup_Coin.uasset" 362
"../../../../../../Programming/Unreal_My_Project/KMOOC_MID/MidProject/Content/Assets/StaticMesh/SM_Pickup_Coin.uasset" 363
"../../../../../../Programming/Unreal_My_Project/KMOOC_MID/MidProject/Content/Assets/Textures/T_Smoke_Tiled_D.uasset" 364
"../../../../../../Programming/Unreal_My_Project/KMOOC_MID/MidProject/Content/Assets/Textures/T_Smoke_SubUV.uasset" 365
"../../../../../../Programming/Unreal_My_Project/KMOOC_MID/MidProject/Content/Assets/Particles/Materials/M_smoke_subUV.uasset" 366
"../../../../../../Programming/Unreal_My_Project/KMOOC_MID/MidProject/Content/Assets/Particles/Materials/M_radial_ramp.uasset" 367
"../../../../../../Programming/Unreal_My_Project/KMOOC_MID/MidProject/Content/Assets/Particles/Materials/m_flare_01.uasset" 368
"../../../../../../Programming/Unreal_My_Project/KMOOC_MID/MidProject/Content/Assets/Textures/T_Explosion_SubUV.uasset" 369
"../../../../../../Programming/Unreal_My_Project/KMOOC_MID/MidProject/Content/Assets/Particles/Materials/M_explosion_subUV.uasset" 370
"../../../../../../Programming/Unreal_My_Project/KMOOC_MID/MidProject/Content/Assets/Textures/T_Burst_M.uasset" 371
"../../../../../../Programming/Unreal_My_Project/KMOOC_MID/MidProject/Content/Assets/Particles/Materials/M_Burst.uasset" 372
"../../../../../../Programming/Unreal_My_Project/KMOOC_MID/MidProject/Content/Assets/Particles/P_Explosion.uasset" 373
"../../../../../../Programming/Unreal_My_Project/KMOOC_MID/MidProject/Content/Project/Coin.uasset" 374
"../../../../../../Programming/Unreal_My_Project/KMOOC_MID/MidProject/Content/Project/SM_MAP1.uasset" 375
"../../../../../../Programming/Unreal_My_Project/KMOOC_MID/MidProject/Content/Project/SM_MAP1_Blueprint.uasset" 376
"../../../../../../Programming/Unreal_My_Project/KMOOC_MID/MidProject/Content/Project/Map/Fly.umap" 377
"../../../Engine/Content/EditorMeshes/ColorCalibrator/M_GreyBall.uasset" 378
"../../../Engine/Content/EditorMeshes/ColorCalibrator/Color_checker.uasset" 379
"../../../Engine/Content/EditorMeshes/ColorCalibrator/M_ColorGrid.uasset" 380
"../../../Engine/Content/EditorMeshes/ColorCalibrator/M_ClearCoatBlack.uasset" 381
"../../../Engine/Content/EditorMeshes/ColorCalibrator/M_ClearCoat.uasset" 382
"../../../Engine/Content/EditorMeshes/ColorCalibrator/M_ChromeBall.uasset" 383
"../../../Engine/Content/EditorMeshes/ColorCalibrator/SM_ColorCalibrator.uasset" 384
"../../../../../../Programming/Unreal_My_Project/KMOOC_MID/MidProject/Content/StarterContent/Maps/Advanced_Lighting_BuiltData.uasset" 385
"../../../../../../Programming/Unreal_My_Project/KMOOC_MID/MidProject/Content/StarterContent/HDRI/HDRI_Epic_Courtyard_Daylight.uasset" 386
"../../../Engine/Content/MapTemplates/Sky/DaylightAmbientCubemap.uasset" 387
"../../../../../../Programming/Unreal_My_Project/KMOOC_MID/MidProject/Content/StarterContent/Blueprints/Assets/M_LightStage_Skybox_Master.uasset" 388
"../../../../../../Programming/Unreal_My_Project/KMOOC_MID/MidProject/Content/StarterContent/Blueprints/Assets/M_LightStage_Skybox_HDRI.uasset" 389
"../../../../../../Programming/Unreal_My_Project/KMOOC_MID/MidProject/Content/StarterContent/Blueprints/Assets/M_LightStage_Arrows.uasset" 390
"../../../../../../Programming/Unreal_My_Project/KMOOC_MID/MidProject/Content/StarterContent/Blueprints/Assets/SM_Arrows.uasset" 391
"../../../Engine/Content/EditorMaterials/Thumbnails/SkySphereMaterial.uasset" 392
"../../../../../../Programming/Unreal_My_Project/KMOOC_MID/MidProject/Content/StarterContent/Blueprints/Assets/Skybox.uasset" 393
"../../../../../../Programming/Unreal_My_Project/KMOOC_MID/MidProject/Content/StarterContent/Blueprints/Assets/M_LightStage_Skybox_Black.uasset" 394
"../../../../../../Programming/Unreal_My_Project/KMOOC_MID/MidProject/Content/StarterContent/Blueprints/Assets/SunlightColorLUT.uasset" 395
"../../../../../../Programming/Unreal_My_Project/KMOOC_MID/MidProject/Content/StarterContent/Blueprints/Assets/FogBrightnessLUT.uasset" 396
"../../../../../../Programming/Unreal_My_Project/KMOOC_MID/MidProject/Content/StarterContent/Blueprints/BP_LightStudio.uasset" 397
"../../../../../../Programming/Unreal_My_Project/KMOOC_MID/MidProject/Content/StarterContent/Materials/M_AssetPlatform.uasset" 398
"../../../../../../Programming/Unreal_My_Project/KMOOC_MID/MidProject/Content/StarterContent/Architecture/SM_AssetPlatform.uasset" 399
"../../../../../../Programming/Unreal_My_Project/KMOOC_MID/MidProject/Content/StarterContent/Maps/Advanced_Lighting.umap" 400
"../../../../../../Programming/Unreal_My_Project/KMOOC_MID/MidProject/Content/StarterContent/Textures/T_TableRound_N.uasset" 401
"../../../../../../Programming/Unreal_My_Project/KMOOC_MID/MidProject/Content/StarterContent/Textures/T_TableRound_M.uasset" 402
"../../../../../../Programming/Unreal_My_Project/KMOOC_MID/MidProject/Content/StarterContent/Props/Materials/M_TableRound.uasset" 403
"../../../../../../Programming/Unreal_My_Project/KMOOC_MID/MidProject/Content/StarterContent/Props/SM_TableRound.uasset" 404
"../../../../../../Programming/Unreal_My_Project/KMOOC_MID/MidProject/Content/StarterContent/Textures/T_Statue_N.uasset" 405
"../../../../../../Programming/Unreal_My_Project/KMOOC_MID/MidProject/Content/StarterContent/Textures/T_Statue_M.uasset" 406
"../../../../../../Programming/Unreal_My_Project/KMOOC_MID/MidProject/Content/StarterContent/Props/Materials/M_Statue.uasset" 407
"../../../../../../Programming/Unreal_My_Project/KMOOC_MID/MidProject/Content/StarterContent/Props/Materials/M_StatueGlass.uasset" 408
"../../../../../../Programming/Unreal_My_Project/KMOOC_MID/MidProject/Content/StarterContent/Props/SM_Statue.uasset" 409
"../../../../../../Programming/Unreal_My_Project/KMOOC_MID/MidProject/Content/StarterContent/Props/SM_Chair.uasset" 410
"../../../../../../Programming/Unreal_My_Project/KMOOC_MID/MidProject/Content/StarterContent/Textures/T_Metal_Aluminum_D.uasset" 411
"../../../../../../Programming/Unreal_My_Project/KMOOC_MID/MidProject/Content/StarterContent/Materials/M_Metal_Burnished_Steel.uasset" 412
"../../../../../../Programming/Unreal_My_Project/KMOOC_MID/MidProject/Content/StarterContent/Maps/Minimal_Default_BuiltData.uasset" 413
"../../../../../../Programming/Unreal_My_Project/KMOOC_MID/MidProject/Content/StarterContent/Audio/Starter_Background_Cue.uasset" 414
"../../../../../../Programming/Unreal_My_Project/KMOOC_MID/MidProject/Content/StarterContent/Architecture/Floor_400x400.uasset" 415
"../../../../../../Programming/Unreal_My_Project/KMOOC_MID/MidProject/Content/StarterContent/Maps/Minimal_Default.umap" 416
"../../../../../../Programming/Unreal_My_Project/KMOOC_MID/MidProject/Content/StarterContent/Shapes/Shape_Sphere.uasset" 417
"../../../../../../Programming/Unreal_My_Project/KMOOC_MID/MidProject/Content/StarterContent/Shapes/Shape_QuadPyramid.uasset" 418
"../../../../../../Programming/Unreal_My_Project/KMOOC_MID/MidProject/Content/StarterContent/Shapes/Shape_Cube.uasset" 419
"../../../../../../Programming/Unreal_My_Project/KMOOC_MID/MidProject/Content/StarterContent/Textures/T_Frame_N.uasset" 420
"../../../../../../Programming/Unreal_My_Project/KMOOC_MID/MidProject/Content/StarterContent/Textures/T_Frame_M.uasset" 421
"../../../../../../Programming/Unreal_My_Project/KMOOC_MID/MidProject/Content/StarterContent/Props/Materials/M_Frame.uasset" 422
"../../../../../../Programming/Unreal_My_Project/KMOOC_MID/MidProject/Content/StarterContent/Props/SM_WindowFrame.uasset" 423
"../../../../../../Programming/Unreal_My_Project/KMOOC_MID/MidProject/Content/StarterContent/Props/SM_PillarFrame300.uasset" 424
"../../../../../../Programming/Unreal_My_Project/KMOOC_MID/MidProject/Content/StarterContent/Props/SM_PillarFrame.uasset" 425
"../../../../../../Programming/Unreal_My_Project/KMOOC_MID/MidProject/Content/StarterContent/Props/SM_GlassWindow.uasset" 426
"../../../../../../Programming/Unreal_My_Project/KMOOC_MID/MidProject/Content/StarterContent/Props/SM_DoorFrame.uasset" 427
"../../../../../../Programming/Unreal_My_Project/KMOOC_MID/MidProject/Content/StarterContent/Props/SM_CornerFrame.uasset" 428
"../../../../../../Programming/Unreal_My_Project/KMOOC_MID/MidProject/Content/StarterContent/Props/MaterialSphere.uasset" 429
"../../../../../../Programming/Unreal_My_Project/KMOOC_MID/MidProject/Content/StarterContent/Textures/T_Dust_Particle_D.uasset" 430
"../../../../../../Programming/Unreal_My_Project/KMOOC_MID/MidProject/Content/StarterContent/Particles/Materials/M_Dust_Particle.uasset" 431
"../../../../../../Programming/Unreal_My_Project/KMOOC_MID/MidProject/Content/StarterContent/Particles/P_Ambient_Dust.uasset" 432
"../../../../../../Programming/Unreal_My_Project/KMOOC_MID/MidProject/Content/StarterContent/Textures/T_Wood_Walnut_N.uasset" 433
"../../../../../../Programming/Unreal_My_Project/KMOOC_MID/MidProject/Content/StarterContent/Textures/T_Wood_Walnut_D.uasset" 434
"../../../../../../Programming/Unreal_My_Project/KMOOC_MID/MidProject/Content/StarterContent/Materials/M_Wood_Walnut.uasset" 435
"../../../../../../Programming/Unreal_My_Project/KMOOC_MID/MidProject/Content/StarterContent/Textures/T_Perlin_Noise_M.uasset" 436
"../../../../../../Programming/Unreal_My_Project/KMOOC_MID/MidProject/Content/StarterContent/Textures/T_Wood_Pine_N.uasset" 437
"../../../../../../Programming/Unreal_My_Project/KMOOC_MID/MidProject/Content/StarterContent/Textures/T_Wood_Pine_D.uasset" 438
"../../../../../../Programming/Unreal_My_Project/KMOOC_MID/MidProject/Content/StarterContent/Materials/M_Wood_Pine.uasset" 439
"../../../../../../Programming/Unreal_My_Project/KMOOC_MID/MidProject/Content/StarterContent/Textures/T_Wood_Oak_N.uasset" 440
"../../../../../../Programming/Unreal_My_Project/KMOOC_MID/MidProject/Content/StarterContent/Textures/T_Wood_Oak_D.uasset" 441
"../../../../../../Programming/Unreal_My_Project/KMOOC_MID/MidProject/Content/StarterContent/Materials/M_Wood_Oak.uasset" 442
"../../../Engine/Content/Functions/Engine_MaterialFunctions01/Opacity/AlphaOffset.uasset" 443
"../../../../../../Programming/Unreal_My_Project/KMOOC_MID/MidProject/Content/StarterContent/Textures/T_Wood_Floor_Walnut_N.uasset" 444
"../../../../../../Programming/Unreal_My_Project/KMOOC_MID/MidProject/Content/StarterContent/Textures/T_Wood_Floor_Walnut_M.uasset" 445
"../../../../../../Programming/Unreal_My_Project/KMOOC_MID/MidProject/Content/StarterContent/Textures/T_Wood_Floor_Walnut_D.uasset" 446
"../../../../../../Programming/Unreal_My_Project/KMOOC_MID/MidProject/Content/StarterContent/Materials/M_Wood_Floor_Walnut_Worn.uasset" 447
"../../../../../../Programming/Unreal_My_Project/KMOOC_MID/MidProject/Content/StarterContent/Materials/M_Wood_Floor_Walnut_Polished.uasset" 448
"../../../../../../Programming/Unreal_My_Project/KMOOC_MID/MidProject/Content/StarterContent/Textures/T_Water_M.uasset" 449
"../../../../../../Programming/Unreal_My_Project/KMOOC_MID/MidProject/Content/StarterContent/Materials/M_Water_Ocean.uasset" 450
"../../../../../../Programming/Unreal_My_Project/KMOOC_MID/MidProject/Content/StarterContent/Materials/M_Water_Lake.uasset" 451
"../../../../../../Programming/Unreal_My_Project/KMOOC_MID/MidProject/Content/StarterContent/Textures/T_Tech_Panel_N.uasset" 452
"../../../../../../Programming/Unreal_My_Project/KMOOC_MID/MidProject/Content/StarterContent/Textures/T_Tech_Panel_M.uasset" 453
"../../../../../../Programming/Unreal_My_Project/KMOOC_MID/MidProject/Content/StarterContent/Materials/M_Tech_Panel.uasset" 454
"../../../../../../Programming/Unreal_My_Project/KMOOC_MID/MidProject/Content/StarterContent/Textures/T_Tech_Hex_Tile_N.uasset" 455
"../../../../../../Programming/Unreal_My_Project/KMOOC_MID/MidProject/Content/StarterContent/Textures/T_Tech_Hex_Tile_M.uasset" 456
"../../../../../../Programming/Unreal_My_Project/KMOOC_MID/MidProject/Content/StarterContent/Materials/M_Tech_Hex_Tile_Pulse.uasset" 457
"../../../../../../Programming/Unreal_My_Project/KMOOC_MID/MidProject/Content/StarterContent/Materials/M_Tech_Hex_Tile.uasset" 458
"../../../../../../Programming/Unreal_My_Project/KMOOC_MID/MidProject/Content/StarterContent/Textures/T_Tech_Dot_N.uasset" 459
"../../../../../../Programming/Unreal_My_Project/KMOOC_MID/MidProject/Content/StarterContent/Textures/T_Tech_Dot_M.uasset" 460
"../../../../../../Programming/Unreal_My_Project/KMOOC_MID/MidProject/Content/StarterContent/Textures/T_Single_Tile_N.uasset" 461
"../../../../../../Programming/Unreal_My_Project/KMOOC_MID/MidProject/Content/StarterContent/Textures/T_Checker_Noise_M.uasset" 462
"../../../../../../Programming/Unreal_My_Project/KMOOC_MID/MidProject/Content/StarterContent/Materials/M_Tech_Checker_Dot.uasset" 463
"../../../../../../Programming/Unreal_My_Project/KMOOC_MID/MidProject/Content/StarterContent/Textures/T_Rock_Slate_N.uasset" 464
"../../../../../../Programming/Unreal_My_Project/KMOOC_MID/MidProject/Content/StarterContent/Textures/T_Rock_Slate_D.uasset" 465
"../../../../../../Programming/Unreal_My_Project/KMOOC_MID/MidProject/Content/StarterContent/Materials/M_Rock_Slate.uasset" 466
"../../../../../../Programming/Unreal_My_Project/KMOOC_MID/MidProject/Content/StarterContent/Textures/T_Rock_Sandstone_N.uasset" 467
"../../../../../../Programming/Unreal_My_Project/KMOOC_MID/MidProject/Content/StarterContent/Textures/T_Rock_Sandstone_D.uasset" 468
"../../../../../../Programming/Unreal_My_Project/KMOOC_MID/MidProject/Content/StarterContent/Materials/M_Rock_Sandstone.uasset" 469
"../../../../../../Programming/Unreal_My_Project/KMOOC_MID/MidProject/Content/StarterContent/Textures/T_Rock_Marble_Polished_D.uasset" 470
"../../../../../../Programming/Unreal_My_Project/KMOOC_MID/MidProject/Content/StarterContent/Materials/M_Rock_Marble_Polished.uasset" 471
"../../../../../../Programming/Unreal_My_Project/KMOOC_MID/MidProject/Content/StarterContent/Textures/T_Rock_Basalt_N.uasset" 472
"../../../../../../Programming/Unreal_My_Project/KMOOC_MID/MidProject/Content/StarterContent/Materials/M_Rock_Basalt.uasset" 473
"../../../../../../Programming/Unreal_My_Project/KMOOC_MID/MidProject/Content/StarterContent/Textures/T_Metal_Rust_D.uasset" 474
"../../../../../../Programming/Unreal_My_Project/KMOOC_MID/MidProject/Content/StarterContent/Textures/T_Metal_Rust_N.uasset" 475
"../../../../../../Programming/Unreal_My_Project/KMOOC_MID/MidProject/Content/StarterContent/Materials/M_Metal_Rust.uasset" 476
"../../../../../../Programming/Unreal_My_Project/KMOOC_MID/MidProject/Content/StarterContent/Materials/M_Metal_Chrome.uasset" 477
"../../../../../../Programming/Unreal_My_Project/KMOOC_MID/MidProject/Content/StarterContent/Textures/T_Ground_Moss_N.uasset" 478
"../../../../../../Programming/Unreal_My_Project/KMOOC_MID/MidProject/Content/StarterContent/Textures/T_ground_Moss_D.uasset" 479
"../../../../../../Programming/Unreal_My_Project/KMOOC_MID/MidProject/Content/StarterContent/Materials/M_Ground_Moss.uasset" 480
"../../../../../../Programming/Unreal_My_Project/KMOOC_MID/MidProject/Content/StarterContent/Textures/T_Ground_Gravel_N.uasset" 481
"../../../../../../Programming/Unreal_My_Project/KMOOC_MID/MidProject/Content/StarterContent/Textures/T_Ground_Gravel_D.uasset" 482
"../../../../../../Programming/Unreal_My_Project/KMOOC_MID/MidProject/Content/StarterContent/Materials/M_Ground_Gravel.uasset" 483
"../../../../../../Programming/Unreal_My_Project/KMOOC_MID/MidProject/Content/StarterContent/Textures/T_Ground_Grass_N.uasset" 484
"../../../../../../Programming/Unreal_My_Project/KMOOC_MID/MidProject/Content/StarterContent/Textures/T_Ground_Grass_D.uasset" 485
"../../../../../../Programming/Unreal_My_Project/KMOOC_MID/MidProject/Content/StarterContent/Materials/M_Ground_Grass.uasset" 486
"../../../../../../Programming/Unreal_My_Project/KMOOC_MID/MidProject/Content/StarterContent/Textures/T_Concrete_Tiles_Variation_M.uasset" 487
"../../../../../../Programming/Unreal_My_Project/KMOOC_MID/MidProject/Content/StarterContent/Textures/T_Concrete_Tiles_N.uasset" 488
"../../../../../../Programming/Unreal_My_Project/KMOOC_MID/MidProject/Content/StarterContent/Textures/T_Concrete_Tiles_M.uasset" 489
"../../../../../../Programming/Unreal_My_Project/KMOOC_MID/MidProject/Content/StarterContent/Textures/T_Concrete_Tiles_D.uasset" 490
"../../../../../../Programming/Unreal_My_Project/KMOOC_MID/MidProject/Content/StarterContent/Materials/M_Concrete_Tiles.uasset" 491
"../../../../../../Programming/Unreal_My_Project/KMOOC_MID/MidProject/Content/StarterContent/Textures/T_Concrete_Panels_N.uasset" 492
"../../../../../../Programming/Unreal_My_Project/KMOOC_MID/MidProject/Content/StarterContent/Textures/T_Concrete_Panels_D.uasset" 493
"../../../../../../Programming/Unreal_My_Project/KMOOC_MID/MidProject/Content/StarterContent/Materials/M_Concrete_Panels.uasset" 494
"../../../../../../Programming/Unreal_My_Project/KMOOC_MID/MidProject/Content/StarterContent/Textures/T_Concrete_Grime_D.uasset" 495
"../../../../../../Programming/Unreal_My_Project/KMOOC_MID/MidProject/Content/StarterContent/Materials/M_Concrete_Grime.uasset" 496
"../../../../../../Programming/Unreal_My_Project/KMOOC_MID/MidProject/Content/StarterContent/Textures/T_CobbleStone_Smooth_N.uasset" 497
"../../../../../../Programming/Unreal_My_Project/KMOOC_MID/MidProject/Content/StarterContent/Textures/T_CobbleStone_Smooth_M.uasset" 498
"../../../../../../Programming/Unreal_My_Project/KMOOC_MID/MidProject/Content/StarterContent/Textures/T_CobbleStone_Smooth_D.uasset" 499
"../../../../../../Programming/Unreal_My_Project/KMOOC_MID/MidProject/Content/StarterContent/Textures/T_Rock_Smooth_Granite_D.uasset" 500
"../../../../../../Programming/Unreal_My_Project/KMOOC_MID/MidProject/Content/StarterContent/Textures/T_Gradinet_01.uasset" 501
"../../../../../../Programming/Unreal_My_Project/KMOOC_MID/MidProject/Content/StarterContent/Materials/M_CobbleStone_Smooth.uasset" 502
"../../../../../../Programming/Unreal_My_Project/KMOOC_MID/MidProject/Content/StarterContent/Textures/T_CobbleStone_Rough_N.uasset" 503
"../../../../../../Programming/Unreal_My_Project/KMOOC_MID/MidProject/Content/StarterContent/Textures/T_CobbleStone_Rough_D.uasset" 504
"../../../../../../Programming/Unreal_My_Project/KMOOC_MID/MidProject/Content/StarterContent/Materials/M_CobbleStone_Rough.uasset" 505
"../../../../../../Programming/Unreal_My_Project/KMOOC_MID/MidProject/Content/StarterContent/Textures/T_CobbleStone_Pebble_N.uasset" 506
"../../../../../../Programming/Unreal_My_Project/KMOOC_MID/MidProject/Content/StarterContent/Textures/T_CobbleStone_Pebble_M.uasset" 507
"../../../../../../Programming/Unreal_My_Project/KMOOC_MID/MidProject/Content/StarterContent/Textures/T_CobbleStone_Pebble_D.uasset" 508
"../../../../../../Programming/Unreal_My_Project/KMOOC_MID/MidProject/Content/StarterContent/Materials/M_CobbleStone_Pebble.uasset" 509
"../../../../../../Programming/Unreal_My_Project/KMOOC_MID/MidProject/Content/StarterContent/Textures/T_Ceramic_Tile_N.uasset" 510
"../../../../../../Programming/Unreal_My_Project/KMOOC_MID/MidProject/Content/StarterContent/Textures/T_Ceramic_Tile_M.uasset" 511
"../../../../../../Programming/Unreal_My_Project/KMOOC_MID/MidProject/Content/StarterContent/Materials/M_Ceramic_Tile_Checker.uasset" 512
"../../../../../../Programming/Unreal_My_Project/KMOOC_MID/MidProject/Content/StarterContent/Textures/T_Brick_Hewn_Stone_N.uasset" 513
"../../../../../../Programming/Unreal_My_Project/KMOOC_MID/MidProject/Content/StarterContent/Textures/T_Brick_Hewn_Stone_M.uasset" 514
"../../../../../../Programming/Unreal_My_Project/KMOOC_MID/MidProject/Content/StarterContent/Textures/T_Brick_Hewn_Stone_D.uasset" 515
"../../../../../../Programming/Unreal_My_Project/KMOOC_MID/MidProject/Content/StarterContent/Materials/M_Brick_Hewn_Stone.uasset" 516
"../../../../../../Programming/Unreal_My_Project/KMOOC_MID/MidProject/Content/StarterContent/Textures/T_Brick_Cut_Stone_N.uasset" 517
"../../../../../../Programming/Unreal_My_Project/KMOOC_MID/MidProject/Content/StarterContent/Textures/T_Brick_Cut_Stone_D.uasset" 518
"../../../../../../Programming/Unreal_My_Project/KMOOC_MID/MidProject/Content/StarterContent/Materials/M_Brick_Cut_Stone.uasset" 519
"../../../../../../Programming/Unreal_My_Project/KMOOC_MID/MidProject/Content/StarterContent/Textures/T_Brick_Clay_Old_N.uasset" 520
"../../../../../../Programming/Unreal_My_Project/KMOOC_MID/MidProject/Content/StarterContent/Textures/T_Brick_Clay_Old_D.uasset" 521
"../../../../../../Programming/Unreal_My_Project/KMOOC_MID/MidProject/Content/StarterContent/Materials/M_Brick_Clay_Old.uasset" 522
"../../../../../../Programming/Unreal_My_Project/KMOOC_MID/MidProject/Content/StarterContent/Textures/T_Brick_Clay_New_N.uasset" 523
"../../../../../../Programming/Unreal_My_Project/KMOOC_MID/MidProject/Content/StarterContent/Textures/T_Brick_Clay_New_M.uasset" 524
"../../../../../../Programming/Unreal_My_Project/KMOOC_MID/MidProject/Content/StarterContent/Textures/T_Brick_Clay_New_D.uasset" 525
"../../../../../../Programming/Unreal_My_Project/KMOOC_MID/MidProject/Content/StarterContent/Materials/M_Brick_Clay_New.uasset" 526
"../../../../../../Programming/Unreal_My_Project/KMOOC_MID/MidProject/Content/StarterContent/Textures/T_Brick_Clay_Beveled_N.uasset" 527
"../../../../../../Programming/Unreal_My_Project/KMOOC_MID/MidProject/Content/StarterContent/Textures/T_Brick_Clay_Beveled_M.uasset" 528
"../../../../../../Programming/Unreal_My_Project/KMOOC_MID/MidProject/Content/StarterContent/Textures/T_Brick_Clay_Beveled_D.uasset" 529
"../../../../../../Programming/Unreal_My_Project/KMOOC_MID/MidProject/Content/StarterContent/Materials/M_Brick_Clay_Beveled.uasset" 530
"../../../Engine/Content/Functions/Engine_MaterialFunctions03/Procedurals/ComputeFilterWidth.uasset" 531
"../../../Engine/Content/EngineMaterials/AntiAliasedTextMaterialTranslucent.uasset" 532
"../../../../../../Programming/Unreal_My_Project/KMOOC_MID/MidProject/Content/StarterContent/Maps/StarterMap_BuiltData.uasset" 533
"../../../../../../Programming/Unreal_My_Project/KMOOC_MID/MidProject/Content/StarterContent/Textures/T_Concrete_Poured_N.uasset" 534
"../../../../../../Programming/Unreal_My_Project/KMOOC_MID/MidProject/Content/StarterContent/Textures/T_Concrete_Poured_D.uasset" 535
"../../../../../../Programming/Unreal_My_Project/KMOOC_MID/MidProject/Content/StarterContent/Materials/M_Concrete_Poured.uasset" 536
"../../../../../../Programming/Unreal_My_Project/KMOOC_MID/MidProject/Content/StarterContent/Props/SM_Lamp_Wall.uasset" 537
"../../../../../../Programming/Unreal_My_Project/KMOOC_MID/MidProject/Content/StarterContent/Blueprints/Blueprint_WallSconce.uasset" 538
"../../../../../../Programming/Unreal_My_Project/KMOOC_MID/MidProject/Content/StarterContent/Particles/P_Steam_Lit.uasset" 539
"../../../../../../Programming/Unreal_My_Project/KMOOC_MID/MidProject/Content/StarterContent/Audio/Steam01_Cue.uasset" 540
"../../../../../../Programming/Unreal_My_Project/KMOOC_MID/MidProject/Content/StarterContent/Blueprints/Blueprint_Effect_Steam.uasset" 541
"../../../../../../Programming/Unreal_My_Project/KMOOC_MID/MidProject/Content/StarterContent/Textures/T_Spark_Core.uasset" 542
"../../../../../../Programming/Unreal_My_Project/KMOOC_MID/MidProject/Content/StarterContent/Particles/Materials/M_Spark.uasset" 543
"../../../../../../Programming/Unreal_My_Project/KMOOC_MID/MidProject/Content/StarterContent/Particles/P_Sparks.uasset" 544
"../../../../../../Programming/Unreal_My_Project/KMOOC_MID/MidProject/Content/StarterContent/Audio/Fire_Sparks01_Cue.uasset" 545
"../../../../../../Programming/Unreal_My_Project/KMOOC_MID/MidProject/Content/StarterContent/Blueprints/Blueprint_Effect_Sparks.uasset" 546
"../../../../../../Programming/Unreal_My_Project/KMOOC_MID/MidProject/Content/StarterContent/Particles/P_Smoke.uasset" 547
"../../../../../../Programming/Unreal_My_Project/KMOOC_MID/MidProject/Content/StarterContent/Audio/Smoke01_Cue.uasset" 548
"../../../../../../Programming/Unreal_My_Project/KMOOC_MID/MidProject/Content/StarterContent/Blueprints/Blueprint_Effect_Smoke.uasset" 549
"../../../../../../Programming/Unreal_My_Project/KMOOC_MID/MidProject/Content/StarterContent/Blueprints/Blueprint_Effect_Fire.uasset" 550
"../../../../../../Programming/Unreal_My_Project/KMOOC_MID/MidProject/Content/StarterContent/Props/SM_Lamp_Ceiling.uasset" 551
"../../../../../../Programming/Unreal_My_Project/KMOOC_MID/MidProject/Content/StarterContent/Blueprints/Blueprint_CeilingLight.uasset" 552
"../../../../../../Programming/Unreal_My_Project/KMOOC_MID/MidProject/Content/StarterContent/Audio/Starter_Music_Cue.uasset" 553
"../../../../../../Programming/Unreal_My_Project/KMOOC_MID/MidProject/Content/StarterContent/Audio/Collapse_Cue.uasset" 554
"../../../../../../Programming/Unreal_My_Project/KMOOC_MID/MidProject/Content/StarterContent/Architecture/Wall_Window_400x300.uasset" 555
"../../../../../../Programming/Unreal_My_Project/KMOOC_MID/MidProject/Content/StarterContent/Architecture/Wall_Door_400x300.uasset" 556
"../../../../../../Programming/Unreal_My_Project/KMOOC_MID/MidProject/Content/StarterContent/Architecture/Wall_400x200.uasset" 557
"../../../../../../Programming/Unreal_My_Project/KMOOC_MID/MidProject/Content/StarterContent/Maps/StarterMap.umap" 558
"../../../Engine/Content/Maps/Entry_BuiltData.uasset" 559
"../../../Engine/Content/Maps/Entry.umap" 560
